10:45:21.771 DEBUG 获取到配置信息: 
10:45:21.771 DEBUG {"basePath":"./","watcher":{"enable":true,"ignored":"./dist/*","depth":99},"outPut":{"minifyCss":false,"minifyJs":false,"addVersion":false},"serverPort":8000,"server":true,"autoReload":true,"remoteDebug":true,"root":"/src","entry":"home","title":"页面","outFolder":"./dist","resourceFolder":"./src/resource","headList":[{"http-equiv":"content-type","content":"text/html; charset=UTF-8"},{"name":"viewport","content":"initial-scale=1,user-scalable=no,maximum-scale=1"}],"scriptList":[{"name":"gif","src":"./src/script/log.js","babel":true,"defer":true}],"styleList":[{"name":"main","src":"./src/main.css"}],"pageList":[{"main":true,"isPage":true,"name":"home","src":"./src/page/home.page","temple":"<temple name=\"home\" src=\"./src/page/home.page\" isPage=\"true\"></temple>"},{"isPage":true,"name":"name","src":"./src/page/name.page","temple":"<temple name=\"name\" src=\"./src/page/name.page\" isPage=\"true\"></temple>"},{"isPage":true,"name":"animation","src":"./src/page/animation.page","temple":"<temple name=\"animation\" src=\"./src/page/animation.page\" isPage=\"true\"></temple>"}],"dev":{"basePath":"./","watcher":{"enable":true,"ignored":"./dist/*","depth":99},"outPut":{"minifyCss":false,"minifyJs":false,"addVersion":false},"serverPort":8000,"server":true,"autoReload":true,"remoteDebug":true},"build":{"basePath":"./","outPut":{"minifyCss":true,"minifyJs":true,"addVersion":true,"embedSize":10}}} 
10:45:21.771 INFO  --------------------------- 开始编译 --------------------------- 
10:45:21.772 INFO  程序运行目录: C:\Users\PG\Documents\GitHub\example 
10:45:21.772 INFO  首次启动! 
10:45:21.772 INFO  生成版本号: yzy2wnq8u08 
10:45:21.780 INFO  清理资源文件夹: C:\Users\PG\Documents\GitHub\example\dist\static 
10:45:21.780 INFO  文件夹不存在: C:\Users\PG\Documents\GitHub\example\dist\static 
10:45:21.780 INFO  创建文件夹: C:\Users\PG\Documents\GitHub\example\dist\static 
10:45:21.780 INFO  读取模板文件: C:\Users\PG\Documents\GitHub\PG\index.html 
10:45:21.781 DEBUG 读取网页标题: 页面 
10:45:21.781 DEBUG 处理页面源信息: [{"http-equiv":"content-type","content":"text/html; charset=UTF-8"},{"name":"viewport","content":"initial-scale=1,user-scalable=no,maximum-scale=1"}] 
10:45:21.781 DEBUG 处理模板: ./src/page/home.page 
10:45:21.899 DEBUG 缓存模板: ./src/page/home.page 
10:45:21.899 DEBUG 处理模板: ./src/page/name.page 
10:45:21.902 DEBUG 处理模板: https://puge-10017157.cos.ap-shanghai.myqcloud.com/temp/topBar.page 
10:45:21.902 ERROR 模板: C:\Users\PG\Documents\GitHub\example\https:\puge-10017157.cos.ap-shanghai.myqcloud.com\temp\topBar.page不存在! 
10:45:21.904 ERROR 页面 topBar 为空! 
10:45:21.904 DEBUG 缓存模板: https://puge-10017157.cos.ap-shanghai.myqcloud.com/temp/topBar.page 
10:45:21.907 DEBUG 缓存模板: ./src/page/name.page 
10:45:21.907 DEBUG 处理模板: ./src/page/animation.page 
10:45:21.922 DEBUG 使用缓存返回模板: https://puge-10017157.cos.ap-shanghai.myqcloud.com/temp/topBar.page 
10:45:21.933 DEBUG 缓存模板: ./src/page/animation.page 
10:45:21.934 INFO  文件夹不存在: C:\Users\PG\Documents\GitHub\example\dist\static\resource 
10:45:21.934 INFO  创建文件夹: C:\Users\PG\Documents\GitHub\example\dist\static\resource 
10:45:21.934 DEBUG 处理资源: C:\Users\PG\Documents\GitHub\example\src\resource\grass.png 
10:45:21.950 INFO  工程中包含多个页面! 
10:45:21.951 DEBUG 页面中不包含切换动画! 
10:45:22.699 INFO  文件夹不存在: C:\Users\PG\Documents\GitHub\example\dist\static\js 
10:45:22.699 INFO  创建文件夹: C:\Users\PG\Documents\GitHub\example\dist\static\js 
10:45:22.710 INFO  读取文件: C:\Users\PG\Documents\GitHub\PG\core\debug\autoReload.js 
10:45:22.711 INFO  读取文件: C:\Users\PG\Documents\GitHub\PG\core\debug\log.js 
10:45:22.711 DEBUG 处理引用脚本: [{"name":"gif","src":"./src/script/log.js","babel":true,"defer":true}] 
10:45:22.711 DEBUG 外部脚本数量: 1 
10:45:22.711 DEBUG 处理脚本: gif 
10:45:22.711 DEBUG 使用bable处理脚本! 
10:45:22.711 INFO  监控文件夹变化: C:\Users\PG\Documents\GitHub\example\src 
10:45:22.723 INFO  服务器运行在: 127.0.0.1:8000 
10:45:22.906 DEBUG 需要经过特殊处理的css: [[".o-home .example ",".o-home "],[".o-animation .animation-box ",".o-animation "]] 
10:45:22.906 INFO  文件夹不存在: C:\Users\PG\Documents\GitHub\example\dist\static\css 
10:45:22.907 INFO  创建文件夹: C:\Users\PG\Documents\GitHub\example\dist\static\css 
10:45:22.907 INFO  读取文件: C:\Users\PG\Documents\GitHub\example\src\main.css 
10:45:22.907 DEBUG 判断是否可以输出Html! 
10:45:22.907 DEBUG 还有没有经过处理的资源! 
10:45:22.949 INFO  读取成功: C:\Users\PG\Documents\GitHub\PG\core\debug\autoReload.js 
10:45:22.949 INFO  读取成功: C:\Users\PG\Documents\GitHub\example\src\main.css 
10:45:22.949 INFO  读取成功: C:\Users\PG\Documents\GitHub\PG\core\debug\log.js 
10:45:22.951 INFO  使用babel处理并生成文件: C:\Users\PG\Documents\GitHub\example\dist\static\js\gif.js 
10:45:22.951 DEBUG 判断是否可以输出Html! 
10:45:22.951 DEBUG 准备输出html! 
10:45:22.951 DEBUG 忽略文件: C:\Users\PG\Documents\GitHub\example\src\resource\grass.png 
10:45:22.952 DEBUG 忽略文件: C:\Users\PG\Documents\GitHub\example\src\resource\grass.png 
10:45:22.952 DEBUG 开始美化html 
10:45:22.981 INFO  发送重新页面需要刷新命令! 
10:45:22.981 INFO  写入文件: C:\Users\PG\Documents\GitHub\example\dist\static\js\autoReload.js 
10:45:22.981 INFO  写入文件: C:\Users\PG\Documents\GitHub\example\dist\static\css\main.css 
10:45:22.982 INFO  写入文件: C:\Users\PG\Documents\GitHub\example\dist\static\js\log.js 
10:45:23.084 DEBUG 文件处理成功: 
10:45:23.084 DEBUG C:\Users\PG\Documents\GitHub\example\dist\static\resource\grass.png 
10:56:56.278 INFO  file change: C:\Users\PG\Documents\GitHub\example\src\page\home.page 
10:56:56.278 INFO  --------------------------- 开始编译 --------------------------- 
10:56:56.279 INFO  程序运行目录: C:\Users\PG\Documents\GitHub\example 
10:56:56.279 INFO  刷新模式,变化目录: C:\Users\PG\Documents\GitHub\example\src\page\home.page 
10:56:56.279 INFO  读取模板文件: C:\Users\PG\Documents\GitHub\PG\index.html 
10:56:56.279 DEBUG 读取网页标题: 页面 
10:56:56.279 DEBUG 处理页面源信息: [{"http-equiv":"content-type","content":"text/html; charset=UTF-8"},{"name":"viewport","content":"initial-scale=1,user-scalable=no,maximum-scale=1"}] 
10:56:56.279 DEBUG 处理模板: ./src/page/home.page 
10:56:56.293 DEBUG 缓存模板: ./src/page/home.page 
10:56:56.293 DEBUG 处理模板: ./src/page/name.page 
10:56:56.295 DEBUG 处理模板: https://puge-10017157.cos.ap-shanghai.myqcloud.com/temp/topBar.page 
10:56:56.295 ERROR 模板: C:\Users\PG\Documents\GitHub\example\https:\puge-10017157.cos.ap-shanghai.myqcloud.com\temp\topBar.page不存在! 
10:56:56.297 ERROR 页面 topBar 为空! 
10:56:56.297 DEBUG 缓存模板: https://puge-10017157.cos.ap-shanghai.myqcloud.com/temp/topBar.page 
10:56:56.300 DEBUG 缓存模板: ./src/page/name.page 
10:56:56.300 DEBUG 处理模板: ./src/page/animation.page 
10:56:56.321 DEBUG 使用缓存返回模板: https://puge-10017157.cos.ap-shanghai.myqcloud.com/temp/topBar.page 
10:56:56.332 DEBUG 缓存模板: ./src/page/animation.page 
10:56:56.332 DEBUG 忽略文件: C:\Users\PG\Documents\GitHub\example\src\resource\grass.png 
10:56:56.333 INFO  工程中包含多个页面! 
10:56:56.334 DEBUG 页面中不包含切换动画! 
10:56:56.452 DEBUG 处理引用脚本: [{"name":"gif","src":"./src/script/log.js","babel":true,"defer":true}] 
10:56:56.452 DEBUG 外部脚本数量: 1 
10:56:56.452 DEBUG 处理脚本: gif 
10:56:56.452 DEBUG 使用bable处理脚本! 
10:56:56.452 DEBUG 判断是否可以输出Html! 
10:56:56.452 DEBUG 还有没有经过处理的资源! 
10:56:56.568 DEBUG 需要经过特殊处理的css: [[".o-home .example ",".o-home "],[".o-animation .animation-box ",".o-animation "]] 
10:56:56.568 DEBUG 判断是否可以输出Html! 
10:56:56.568 DEBUG 准备输出html! 
10:56:56.568 DEBUG 忽略文件: C:\Users\PG\Documents\GitHub\example\src\resource\grass.png 
10:56:56.568 DEBUG 忽略文件: C:\Users\PG\Documents\GitHub\example\src\resource\grass.png 
10:56:56.568 DEBUG 开始美化html 
10:56:56.588 INFO  发送重新页面需要刷新命令! 
11:04:24.787 INFO  file change: C:\Users\PG\Documents\GitHub\example\src\page\home.page 
11:04:24.787 INFO  --------------------------- 开始编译 --------------------------- 
11:04:24.787 INFO  程序运行目录: C:\Users\PG\Documents\GitHub\example 
11:04:24.787 INFO  刷新模式,变化目录: C:\Users\PG\Documents\GitHub\example\src\page\home.page 
11:04:24.787 INFO  读取模板文件: C:\Users\PG\Documents\GitHub\PG\index.html 
11:04:24.787 DEBUG 读取网页标题: 页面 
11:04:24.787 DEBUG 处理页面源信息: [{"http-equiv":"content-type","content":"text/html; charset=UTF-8"},{"name":"viewport","content":"initial-scale=1,user-scalable=no,maximum-scale=1"}] 
11:04:24.787 DEBUG 处理模板: ./src/page/home.page 
11:04:24.796 DEBUG 缓存模板: ./src/page/home.page 
11:04:24.796 DEBUG 处理模板: ./src/page/name.page 
11:04:24.798 DEBUG 处理模板: https://puge-10017157.cos.ap-shanghai.myqcloud.com/temp/topBar.page 
11:04:24.799 ERROR 模板: C:\Users\PG\Documents\GitHub\example\https:\puge-10017157.cos.ap-shanghai.myqcloud.com\temp\topBar.page不存在! 
11:04:24.802 ERROR 页面 topBar 为空! 
11:04:24.802 DEBUG 缓存模板: https://puge-10017157.cos.ap-shanghai.myqcloud.com/temp/topBar.page 
11:04:24.804 DEBUG 缓存模板: ./src/page/name.page 
11:04:24.804 DEBUG 处理模板: ./src/page/animation.page 
11:04:24.816 DEBUG 使用缓存返回模板: https://puge-10017157.cos.ap-shanghai.myqcloud.com/temp/topBar.page 
11:04:24.829 DEBUG 缓存模板: ./src/page/animation.page 
11:04:24.829 DEBUG 忽略文件: C:\Users\PG\Documents\GitHub\example\src\resource\grass.png 
11:04:24.830 INFO  工程中包含多个页面! 
11:04:24.830 DEBUG 页面中不包含切换动画! 
11:04:24.896 DEBUG 处理引用脚本: [{"name":"gif","src":"./src/script/log.js","babel":true,"defer":true}] 
11:04:24.896 DEBUG 外部脚本数量: 1 
11:04:24.896 DEBUG 处理脚本: gif 
11:04:24.896 DEBUG 使用bable处理脚本! 
11:04:24.896 DEBUG 判断是否可以输出Html! 
11:04:24.896 DEBUG 还有没有经过处理的资源! 
11:04:25.004 DEBUG 需要经过特殊处理的css: [[".o-home .example ",".o-home "],[".o-animation .animation-box ",".o-animation "]] 
11:04:25.004 DEBUG 判断是否可以输出Html! 
11:04:25.004 DEBUG 准备输出html! 
11:04:25.004 DEBUG 忽略文件: C:\Users\PG\Documents\GitHub\example\src\resource\grass.png 
11:04:25.004 DEBUG 忽略文件: C:\Users\PG\Documents\GitHub\example\src\resource\grass.png 
11:04:25.004 DEBUG 开始美化html 
11:04:25.019 INFO  发送重新页面需要刷新命令! 
